2023-10-24 04:05:52,796 [DEBUG  ][ln-130]: To load test data.
2023-10-24 04:05:52,958 [INFO   ][ln-210]: Calling test_mock_service.
2023-10-24 04:05:52,959 [INFO   ][ln-210]: Calling test_mock_service.
2023-10-24 04:05:52,959 [INFO   ][ln-210]: Calling test_mock_service.
2023-10-24 04:05:52,960 [INFO   ][ln-210]: Calling test_mock_service.
2023-10-24 04:05:52,961 [INFO   ][ln-210]: Calling test_mock_service.
2023-10-24 04:05:52,973 [INFO   ][ln-228]: Test test_mock_service passed.
2023-10-24 04:05:52,975 [INFO   ][ln-228]: Test test_mock_service passed.
2023-10-24 04:05:53,977 [INFO   ][ln-228]: Test test_mock_service passed.
2023-10-24 04:05:53,978 [INFO   ][ln-228]: Test test_mock_service passed.
2023-10-24 04:05:53,979 [INFO   ][ln-228]: Test test_mock_service passed.
2023-10-24 04:05:54,014 [DEBUG  ][ln-130]: To load test data.
2023-10-24 04:05:54,015 [INFO   ][ln-210]: Calling test_mock_service.
2023-10-24 04:05:54,016 [INFO   ][ln-210]: Calling test_mock_service.
2023-10-24 04:05:54,017 [INFO   ][ln-210]: Calling test_mock_service.
2023-10-24 04:05:54,017 [INFO   ][ln-210]: Calling test_mock_service.
2023-10-24 04:05:54,019 [INFO   ][ln-210]: Calling test_mock_service.
2023-10-24 04:05:54,020 [INFO   ][ln-228]: Test test_mock_service passed.
2023-10-24 04:05:55,022 [INFO   ][ln-228]: Test test_mock_service passed.
2023-10-24 04:05:55,027 [INFO   ][ln-228]: Test test_mock_service passed.
2023-10-24 04:05:55,029 [INFO   ][ln-228]: Test test_mock_service passed.
2023-10-24 04:05:55,029 [INFO   ][ln-228]: Test test_mock_service passed.
2023-10-24 04:05:55,088 [DEBUG  ][ln-130]: To load test data.
2023-10-24 04:05:55,112 [INFO   ][ln-198]: Test test_post_headers_body_json passed.
2023-10-24 04:05:55,114 [INFO   ][ln-198]: Test test_post_headers_body_json passed.
2023-10-24 04:05:55,116 [INFO   ][ln-198]: Test test_post_headers_body_json passed.
2023-10-24 04:05:55,118 [INFO   ][ln-198]: Test test_post_headers_body_json passed.
2023-10-24 04:05:57,119 [INFO   ][ln-198]: Test test_post_headers_body_json passed.
2023-10-24 04:05:57,154 [DEBUG  ][ln-130]: To load test data.
2023-10-24 04:05:57,173 [INFO   ][ln-198]: Test test_post_headers_body_json passed.
2023-10-24 04:05:57,175 [INFO   ][ln-198]: Test test_post_headers_body_json passed.
2023-10-24 04:05:57,176 [INFO   ][ln-198]: Test test_post_headers_body_json passed.
2023-10-24 04:05:57,177 [INFO   ][ln-198]: Test test_post_headers_body_json passed.
2023-10-24 04:05:57,179 [INFO   ][ln-198]: Test test_post_headers_body_json passed.
2023-10-24 04:05:57,204 [DEBUG  ][ln-130]: To load test data.
2023-10-24 04:05:57,207 [INFO   ][ln-210]: Calling test_mock_service.
2023-10-24 04:05:57,207 [INFO   ][ln-210]: Calling test_mock_service.
2023-10-24 04:05:57,208 [INFO   ][ln-210]: Calling test_mock_service.
2023-10-24 04:05:57,210 [INFO   ][ln-210]: Calling test_mock_service.
2023-10-24 04:05:57,212 [INFO   ][ln-210]: Calling test_mock_service.
2023-10-24 04:05:57,223 [INFO   ][ln-228]: Test test_mock_service passed.
2023-10-24 04:05:57,225 [INFO   ][ln-228]: Test test_mock_service passed.
2023-10-24 04:05:57,231 [INFO   ][ln-228]: Test test_mock_service passed.
2023-10-24 04:05:58,230 [INFO   ][ln-228]: Test test_mock_service passed.
2023-10-24 04:05:59,233 [INFO   ][ln-228]: Test test_mock_service passed.
2023-10-24 04:05:59,258 [DEBUG  ][ln-130]: To load test data.
2023-10-24 04:05:59,259 [INFO   ][ln-210]: Calling test_mock_service.
2023-10-24 04:05:59,260 [INFO   ][ln-210]: Calling test_mock_service.
2023-10-24 04:05:59,262 [INFO   ][ln-210]: Calling test_mock_service.
2023-10-24 04:05:59,262 [INFO   ][ln-210]: Calling test_mock_service.
2023-10-24 04:05:59,265 [INFO   ][ln-210]: Calling test_mock_service.
2023-10-24 04:05:59,269 [INFO   ][ln-228]: Test test_mock_service passed.
2023-10-24 04:05:59,272 [INFO   ][ln-228]: Test test_mock_service passed.
2023-10-24 04:05:59,274 [INFO   ][ln-228]: Test test_mock_service passed.
2023-10-24 04:05:59,276 [INFO   ][ln-228]: Test test_mock_service passed.
2023-10-24 04:05:59,281 [INFO   ][ln-228]: Test test_mock_service passed.
2023-10-24 04:05:59,346 [DEBUG  ][ln-130]: To load test data.
2023-10-24 04:05:59,367 [INFO   ][ln-198]: Test test_post_headers_body_json passed.
2023-10-24 04:05:59,368 [INFO   ][ln-198]: Test test_post_headers_body_json passed.
2023-10-24 04:05:59,369 [INFO   ][ln-198]: Test test_post_headers_body_json passed.
2023-10-24 04:06:00,366 [INFO   ][ln-198]: Test test_post_headers_body_json passed.
2023-10-24 04:06:00,371 [INFO   ][ln-198]: Test test_post_headers_body_json passed.
2023-10-24 04:06:00,430 [DEBUG  ][ln-130]: To load test data.
2023-10-24 04:06:00,439 [INFO   ][ln-198]: Test test_post_headers_body_json passed.
2023-10-24 04:06:00,439 [INFO   ][ln-198]: Test test_post_headers_body_json passed.
2023-10-24 04:06:00,441 [INFO   ][ln-198]: Test test_post_headers_body_json passed.
2023-10-24 04:06:00,446 [INFO   ][ln-198]: Test test_post_headers_body_json passed.
2023-10-24 04:06:00,459 [INFO   ][ln-198]: Test test_post_headers_body_json passed.
2023-10-24 04:06:00,485 [DEBUG  ][ln-130]: To load test data.
2023-10-24 04:06:00,486 [INFO   ][ln-210]: Calling test_mock_service.
2023-10-24 04:06:00,487 [INFO   ][ln-210]: Calling test_mock_service.
2023-10-24 04:06:00,487 [INFO   ][ln-210]: Calling test_mock_service.
2023-10-24 04:06:00,488 [INFO   ][ln-210]: Calling test_mock_service.
2023-10-24 04:06:00,489 [INFO   ][ln-210]: Calling test_mock_service.
2023-10-24 04:06:00,495 [INFO   ][ln-228]: Test test_mock_service passed.
2023-10-24 04:06:00,497 [INFO   ][ln-228]: Test test_mock_service passed.
2023-10-24 04:06:01,505 [INFO   ][ln-228]: Test test_mock_service passed.
2023-10-24 04:06:01,508 [INFO   ][ln-228]: Test test_mock_service passed.
2023-10-24 04:06:02,514 [INFO   ][ln-228]: Test test_mock_service passed.
2023-10-24 04:06:02,544 [DEBUG  ][ln-130]: To load test data.
2023-10-24 04:06:02,546 [INFO   ][ln-210]: Calling test_mock_service.
2023-10-24 04:06:02,547 [INFO   ][ln-210]: Calling test_mock_service.
2023-10-24 04:06:02,549 [INFO   ][ln-210]: Calling test_mock_service.
2023-10-24 04:06:02,549 [INFO   ][ln-210]: Calling test_mock_service.
2023-10-24 04:06:02,549 [INFO   ][ln-210]: Calling test_mock_service.
2023-10-24 04:06:02,562 [INFO   ][ln-228]: Test test_mock_service passed.
2023-10-24 04:06:02,564 [INFO   ][ln-228]: Test test_mock_service passed.
2023-10-24 04:06:02,567 [INFO   ][ln-228]: Test test_mock_service passed.
2023-10-24 04:06:02,569 [INFO   ][ln-228]: Test test_mock_service passed.
2023-10-24 04:06:03,567 [INFO   ][ln-228]: Test test_mock_service passed.
2023-10-24 04:06:03,642 [DEBUG  ][ln-130]: To load test data.
2023-10-24 04:06:03,671 [INFO   ][ln-198]: Test test_post_headers_body_json passed.
2023-10-24 04:06:03,672 [INFO   ][ln-198]: Test test_post_headers_body_json passed.
2023-10-24 04:06:03,674 [INFO   ][ln-198]: Test test_post_headers_body_json passed.
2023-10-24 04:06:04,678 [INFO   ][ln-198]: Test test_post_headers_body_json passed.
2023-10-24 04:06:05,682 [INFO   ][ln-198]: Test test_post_headers_body_json passed.
2023-10-24 04:06:05,743 [DEBUG  ][ln-130]: To load test data.
2023-10-24 04:06:05,762 [INFO   ][ln-198]: Test test_post_headers_body_json passed.
2023-10-24 04:06:05,765 [INFO   ][ln-198]: Test test_post_headers_body_json passed.
2023-10-24 04:06:05,770 [INFO   ][ln-198]: Test test_post_headers_body_json passed.
2023-10-24 04:06:05,783 [INFO   ][ln-198]: Test test_post_headers_body_json passed.
2023-10-24 04:06:06,769 [INFO   ][ln-198]: Test test_post_headers_body_json passed.
2023-10-24 04:06:22,817 [DEBUG  ][ln-130]: To load test data.
2023-10-24 04:06:22,821 [INFO   ][ln-210]: Calling test_mock_service.
2023-10-24 04:06:22,823 [INFO   ][ln-210]: Calling test_mock_service.
2023-10-24 04:06:22,824 [INFO   ][ln-210]: Calling test_mock_service.
2023-10-24 04:06:22,825 [INFO   ][ln-210]: Calling test_mock_service.
2023-10-24 04:06:22,826 [INFO   ][ln-210]: Calling test_mock_service.
2023-10-24 04:06:22,836 [DEBUG  ][ln-130]: To load test data.
2023-10-24 04:06:22,838 [INFO   ][ln-210]: Calling test_mock_service.
2023-10-24 04:06:22,838 [INFO   ][ln-210]: Calling test_mock_service.
2023-10-24 04:06:22,841 [INFO   ][ln-210]: Calling test_mock_service.
2023-10-24 04:06:22,844 [INFO   ][ln-210]: Calling test_mock_service.
2023-10-24 04:06:22,847 [INFO   ][ln-210]: Calling test_mock_service.
2023-10-24 04:06:22,848 [INFO   ][ln-228]: Test test_mock_service passed.
2023-10-24 04:06:22,849 [INFO   ][ln-228]: Test test_mock_service passed.
2023-10-24 04:06:22,850 [INFO   ][ln-210]: Calling test_mock_service.
2023-10-24 04:06:22,850 [INFO   ][ln-210]: Calling test_mock_service.
2023-10-24 04:06:22,851 [INFO   ][ln-228]: Test test_mock_service passed.
2023-10-24 04:06:22,851 [INFO   ][ln-228]: Test test_mock_service passed.
2023-10-24 04:06:22,852 [INFO   ][ln-228]: Test test_mock_service passed.
2023-10-24 04:06:22,852 [INFO   ][ln-228]: Test test_mock_service passed.
2023-10-24 04:06:22,852 [INFO   ][ln-210]: Calling test_mock_service.
2023-10-24 04:06:22,852 [INFO   ][ln-210]: Calling test_mock_service.
2023-10-24 04:06:22,853 [INFO   ][ln-210]: Calling test_mock_service.
2023-10-24 04:06:22,854 [INFO   ][ln-210]: Calling test_mock_service.
2023-10-24 04:06:22,855 [INFO   ][ln-228]: Test test_mock_service passed.
2023-10-24 04:06:22,855 [INFO   ][ln-210]: Calling test_mock_service.
2023-10-24 04:06:22,856 [INFO   ][ln-228]: Test test_mock_service passed.
2023-10-24 04:06:22,858 [INFO   ][ln-228]: Test test_mock_service passed.
2023-10-24 04:06:22,858 [INFO   ][ln-228]: Test test_mock_service passed.
2023-10-24 04:06:23,850 [INFO   ][ln-228]: Test test_mock_service passed.
2023-10-24 04:06:23,851 [INFO   ][ln-210]: Calling test_mock_service.
2023-10-24 04:06:23,862 [INFO   ][ln-228]: Test test_mock_service passed.
2023-10-24 04:06:23,862 [INFO   ][ln-210]: Calling test_mock_service.
2023-10-24 04:06:23,865 [INFO   ][ln-228]: Test test_mock_service passed.
2023-10-24 04:06:23,866 [INFO   ][ln-228]: Test test_mock_service passed.
2023-10-24 04:06:23,868 [INFO   ][ln-210]: Calling test_mock_service.
2023-10-24 04:06:23,869 [INFO   ][ln-228]: Test test_mock_service passed.
2023-10-24 04:06:23,875 [INFO   ][ln-228]: Test test_mock_service passed.
2023-10-24 04:06:23,875 [INFO   ][ln-228]: Test test_mock_service passed.
2023-10-24 04:06:23,876 [INFO   ][ln-228]: Test test_mock_service passed.
2023-10-24 04:06:23,877 [INFO   ][ln-228]: Test test_mock_service passed.
2023-10-24 04:06:23,908 [DEBUG  ][ln-130]: To load test data.
2023-10-24 04:06:23,909 [INFO   ][ln-210]: Calling test_mock_service.
2023-10-24 04:06:23,912 [INFO   ][ln-210]: Calling test_mock_service.
2023-10-24 04:06:23,912 [INFO   ][ln-210]: Calling test_mock_service.
2023-10-24 04:06:23,913 [INFO   ][ln-210]: Calling test_mock_service.
2023-10-24 04:06:23,915 [INFO   ][ln-210]: Calling test_mock_service.
2023-10-24 04:06:23,918 [INFO   ][ln-228]: Test test_mock_service passed.
2023-10-24 04:06:23,918 [INFO   ][ln-210]: Calling test_mock_service.
2023-10-24 04:06:23,920 [INFO   ][ln-228]: Test test_mock_service passed.
2023-10-24 04:06:23,921 [INFO   ][ln-210]: Calling test_mock_service.
2023-10-24 04:06:23,923 [INFO   ][ln-228]: Test test_mock_service passed.
2023-10-24 04:06:23,924 [INFO   ][ln-228]: Test test_mock_service passed.
2023-10-24 04:06:23,925 [INFO   ][ln-210]: Calling test_mock_service.
2023-10-24 04:06:23,925 [INFO   ][ln-210]: Calling test_mock_service.
2023-10-24 04:06:23,927 [INFO   ][ln-228]: Test test_mock_service passed.
2023-10-24 04:06:23,927 [INFO   ][ln-228]: Test test_mock_service passed.
2023-10-24 04:06:23,928 [INFO   ][ln-210]: Calling test_mock_service.
2023-10-24 04:06:23,930 [INFO   ][ln-228]: Test test_mock_service passed.
2023-10-24 04:06:23,932 [INFO   ][ln-228]: Test test_mock_service passed.
2023-10-24 04:06:23,933 [INFO   ][ln-228]: Test test_mock_service passed.
2023-10-24 04:06:24,885 [INFO   ][ln-228]: Test test_mock_service passed.
2023-10-24 04:06:24,928 [DEBUG  ][ln-130]: To load test data.
2023-10-24 04:06:24,930 [INFO   ][ln-228]: Test test_mock_service passed.
2023-10-24 04:06:24,933 [INFO   ][ln-210]: Calling test_mock_service.
2023-10-24 04:06:24,933 [INFO   ][ln-210]: Calling test_mock_service.
2023-10-24 04:06:24,935 [INFO   ][ln-210]: Calling test_mock_service.
2023-10-24 04:06:24,937 [INFO   ][ln-210]: Calling test_mock_service.
2023-10-24 04:06:24,937 [INFO   ][ln-210]: Calling test_mock_service.
2023-10-24 04:06:24,944 [INFO   ][ln-228]: Test test_mock_service passed.
2023-10-24 04:06:24,945 [INFO   ][ln-210]: Calling test_mock_service.
2023-10-24 04:06:24,948 [INFO   ][ln-228]: Test test_mock_service passed.
2023-10-24 04:06:24,948 [INFO   ][ln-210]: Calling test_mock_service.
2023-10-24 04:06:24,951 [INFO   ][ln-228]: Test test_mock_service passed.
2023-10-24 04:06:24,951 [INFO   ][ln-210]: Calling test_mock_service.
2023-10-24 04:06:24,954 [INFO   ][ln-228]: Test test_mock_service passed.
2023-10-24 04:06:24,956 [INFO   ][ln-228]: Test test_mock_service passed.
2023-10-24 04:06:24,957 [INFO   ][ln-210]: Calling test_mock_service.
2023-10-24 04:06:24,959 [INFO   ][ln-228]: Test test_mock_service passed.
2023-10-24 04:06:24,963 [DEBUG  ][ln-130]: To load test data.
2023-10-24 04:06:24,975 [INFO   ][ln-198]: Test test_post_headers_body_json passed.
2023-10-24 04:06:24,976 [INFO   ][ln-198]: Test test_post_headers_body_json passed.
2023-10-24 04:06:24,981 [INFO   ][ln-198]: Test test_post_headers_body_json passed.
2023-10-24 04:06:24,983 [INFO   ][ln-198]: Test test_post_headers_body_json passed.
2023-10-24 04:06:25,951 [INFO   ][ln-228]: Test test_mock_service passed.
2023-10-24 04:06:25,951 [INFO   ][ln-210]: Calling test_mock_service.
2023-10-24 04:06:25,962 [INFO   ][ln-228]: Test test_mock_service passed.
2023-10-24 04:06:25,968 [INFO   ][ln-228]: Test test_mock_service passed.
2023-10-24 04:06:25,986 [INFO   ][ln-198]: Test test_post_headers_body_json passed.
2023-10-24 04:06:25,989 [INFO   ][ln-198]: Test test_post_headers_body_json passed.
2023-10-24 04:06:25,990 [INFO   ][ln-198]: Test test_post_headers_body_json passed.
2023-10-24 04:06:26,003 [INFO   ][ln-198]: Test test_post_headers_body_json passed.
2023-10-24 04:06:26,005 [INFO   ][ln-198]: Test test_post_headers_body_json passed.
2023-10-24 04:06:26,006 [INFO   ][ln-198]: Test test_post_headers_body_json passed.
2023-10-24 04:06:26,040 [DEBUG  ][ln-130]: To load test data.
2023-10-24 04:06:26,051 [INFO   ][ln-198]: Test test_post_headers_body_json passed.
2023-10-24 04:06:26,052 [INFO   ][ln-198]: Test test_post_headers_body_json passed.
2023-10-24 04:06:26,056 [INFO   ][ln-198]: Test test_post_headers_body_json passed.
2023-10-24 04:06:26,970 [INFO   ][ln-228]: Test test_mock_service passed.
2023-10-24 04:06:27,013 [DEBUG  ][ln-130]: To load test data.
2023-10-24 04:06:27,031 [INFO   ][ln-198]: Test test_post_headers_body_json passed.
2023-10-24 04:06:27,033 [INFO   ][ln-198]: Test test_post_headers_body_json passed.
2023-10-24 04:06:27,034 [INFO   ][ln-198]: Test test_post_headers_body_json passed.
2023-10-24 04:06:27,037 [INFO   ][ln-198]: Test test_post_headers_body_json passed.
2023-10-24 04:06:27,042 [INFO   ][ln-198]: Test test_post_headers_body_json passed.
2023-10-24 04:06:27,049 [INFO   ][ln-198]: Test test_post_headers_body_json passed.
2023-10-24 04:06:27,051 [INFO   ][ln-198]: Test test_post_headers_body_json passed.
2023-10-24 04:06:27,053 [INFO   ][ln-198]: Test test_post_headers_body_json passed.
2023-10-24 04:06:27,054 [INFO   ][ln-198]: Test test_post_headers_body_json passed.
2023-10-24 04:06:27,056 [INFO   ][ln-198]: Test test_post_headers_body_json passed.
2023-10-24 04:06:27,058 [INFO   ][ln-198]: Test test_post_headers_body_json passed.
2023-10-24 04:06:28,038 [INFO   ][ln-198]: Test test_post_headers_body_json passed.
2023-10-24 04:06:28,042 [INFO   ][ln-198]: Test test_post_headers_body_json passed.
2023-10-24 04:06:28,047 [INFO   ][ln-198]: Test test_post_headers_body_json passed.
2023-10-24 04:06:28,049 [INFO   ][ln-198]: Test test_post_headers_body_json passed.
2023-10-24 04:06:28,056 [INFO   ][ln-198]: Test test_post_headers_body_json passed.
2023-10-24 04:06:28,061 [INFO   ][ln-198]: Test test_post_headers_body_json passed.
2023-10-24 04:06:28,093 [DEBUG  ][ln-130]: To load test data.
2023-10-24 04:06:28,105 [INFO   ][ln-198]: Test test_post_headers_body_json passed.
2023-10-24 04:06:28,107 [INFO   ][ln-198]: Test test_post_headers_body_json passed.
2023-10-24 04:06:28,109 [INFO   ][ln-198]: Test test_post_headers_body_json passed.
2023-10-24 04:06:28,111 [INFO   ][ln-198]: Test test_post_headers_body_json passed.
2023-10-24 04:06:28,113 [INFO   ][ln-198]: Test test_post_headers_body_json passed.
2023-10-24 04:06:28,117 [INFO   ][ln-198]: Test test_post_headers_body_json passed.
2023-10-24 04:06:28,117 [INFO   ][ln-198]: Test test_post_headers_body_json passed.
2023-10-24 04:06:28,117 [INFO   ][ln-198]: Test test_post_headers_body_json passed.
2023-10-24 04:06:29,113 [INFO   ][ln-198]: Test test_post_headers_body_json passed.
2023-10-24 04:06:29,122 [INFO   ][ln-198]: Test test_post_headers_body_json passed.
2023-10-24 04:06:29,163 [DEBUG  ][ln-130]: To load test data.
2023-10-24 04:06:29,165 [INFO   ][ln-210]: Calling test_mock_service.
2023-10-24 04:06:29,165 [INFO   ][ln-210]: Calling test_mock_service.
2023-10-24 04:06:29,165 [INFO   ][ln-210]: Calling test_mock_service.
2023-10-24 04:06:29,168 [INFO   ][ln-210]: Calling test_mock_service.
2023-10-24 04:06:29,170 [INFO   ][ln-210]: Calling test_mock_service.
2023-10-24 04:06:29,184 [INFO   ][ln-228]: Test test_mock_service passed.
2023-10-24 04:06:29,184 [INFO   ][ln-210]: Calling test_mock_service.
2023-10-24 04:06:29,190 [INFO   ][ln-228]: Test test_mock_service passed.
2023-10-24 04:06:29,190 [INFO   ][ln-228]: Test test_mock_service passed.
2023-10-24 04:06:29,190 [INFO   ][ln-210]: Calling test_mock_service.
2023-10-24 04:06:29,191 [INFO   ][ln-210]: Calling test_mock_service.
2023-10-24 04:06:29,193 [INFO   ][ln-228]: Test test_mock_service passed.
2023-10-24 04:06:29,199 [INFO   ][ln-228]: Test test_mock_service passed.
2023-10-24 04:06:29,200 [INFO   ][ln-228]: Test test_mock_service passed.
2023-10-24 04:06:30,188 [INFO   ][ln-228]: Test test_mock_service passed.
2023-10-24 04:06:30,188 [INFO   ][ln-210]: Calling test_mock_service.
2023-10-24 04:06:30,196 [INFO   ][ln-228]: Test test_mock_service passed.
2023-10-24 04:06:31,197 [INFO   ][ln-228]: Test test_mock_service passed.
2023-10-24 04:06:31,198 [INFO   ][ln-210]: Calling test_mock_service.
2023-10-24 04:06:32,221 [INFO   ][ln-228]: Test test_mock_service passed.
2023-10-24 04:06:32,264 [DEBUG  ][ln-130]: To load test data.
2023-10-24 04:06:32,267 [INFO   ][ln-210]: Calling test_mock_service.
2023-10-24 04:06:32,271 [INFO   ][ln-210]: Calling test_mock_service.
2023-10-24 04:06:32,273 [INFO   ][ln-210]: Calling test_mock_service.
2023-10-24 04:06:32,274 [INFO   ][ln-210]: Calling test_mock_service.
2023-10-24 04:06:32,276 [INFO   ][ln-210]: Calling test_mock_service.
2023-10-24 04:06:32,283 [INFO   ][ln-228]: Test test_mock_service passed.
2023-10-24 04:06:32,283 [INFO   ][ln-210]: Calling test_mock_service.
2023-10-24 04:06:32,287 [INFO   ][ln-228]: Test test_mock_service passed.
2023-10-24 04:06:32,287 [INFO   ][ln-210]: Calling test_mock_service.
2023-10-24 04:06:32,290 [INFO   ][ln-228]: Test test_mock_service passed.
2023-10-24 04:06:32,291 [INFO   ][ln-210]: Calling test_mock_service.
2023-10-24 04:06:32,293 [INFO   ][ln-228]: Test test_mock_service passed.
2023-10-24 04:06:32,294 [INFO   ][ln-210]: Calling test_mock_service.
2023-10-24 04:06:32,296 [INFO   ][ln-228]: Test test_mock_service passed.
2023-10-24 04:06:32,299 [INFO   ][ln-228]: Test test_mock_service passed.
2023-10-24 04:06:33,295 [INFO   ][ln-228]: Test test_mock_service passed.
2023-10-24 04:06:33,296 [INFO   ][ln-210]: Calling test_mock_service.
2023-10-24 04:06:33,311 [INFO   ][ln-228]: Test test_mock_service passed.
2023-10-24 04:06:33,318 [INFO   ][ln-228]: Test test_mock_service passed.
2023-10-24 04:06:33,320 [INFO   ][ln-228]: Test test_mock_service passed.
2023-10-24 04:06:33,358 [DEBUG  ][ln-130]: To load test data.
2023-10-24 04:06:33,380 [INFO   ][ln-198]: Test test_post_headers_body_json passed.
2023-10-24 04:06:33,383 [INFO   ][ln-198]: Test test_post_headers_body_json passed.
2023-10-24 04:06:33,385 [INFO   ][ln-198]: Test test_post_headers_body_json passed.
2023-10-24 04:06:33,391 [INFO   ][ln-198]: Test test_post_headers_body_json passed.
2023-10-24 04:06:33,393 [INFO   ][ln-198]: Test test_post_headers_body_json passed.
2023-10-24 04:06:34,390 [INFO   ][ln-198]: Test test_post_headers_body_json passed.
2023-10-24 04:06:34,396 [INFO   ][ln-198]: Test test_post_headers_body_json passed.
2023-10-24 04:06:34,417 [INFO   ][ln-198]: Test test_post_headers_body_json passed.
2023-10-24 04:06:34,422 [INFO   ][ln-198]: Test test_post_headers_body_json passed.
2023-10-24 04:06:35,419 [INFO   ][ln-198]: Test test_post_headers_body_json passed.
2023-10-24 04:06:35,461 [DEBUG  ][ln-130]: To load test data.
2023-10-24 04:06:35,468 [INFO   ][ln-198]: Test test_post_headers_body_json passed.
2023-10-24 04:06:35,470 [INFO   ][ln-198]: Test test_post_headers_body_json passed.
2023-10-24 04:06:35,471 [INFO   ][ln-198]: Test test_post_headers_body_json passed.
2023-10-24 04:06:35,474 [INFO   ][ln-198]: Test test_post_headers_body_json passed.
2023-10-24 04:06:35,476 [INFO   ][ln-198]: Test test_post_headers_body_json passed.
2023-10-24 04:06:35,487 [INFO   ][ln-198]: Test test_post_headers_body_json passed.
2023-10-24 04:06:36,488 [INFO   ][ln-198]: Test test_post_headers_body_json passed.
2023-10-24 04:06:36,488 [INFO   ][ln-198]: Test test_post_headers_body_json passed.
2023-10-24 04:06:36,491 [INFO   ][ln-198]: Test test_post_headers_body_json passed.
2023-10-24 04:06:36,500 [INFO   ][ln-198]: Test test_post_headers_body_json passed.
2023-10-24 04:14:52,733 [DEBUG  ][ln-130]: To load test data.
2023-10-24 04:14:52,747 [INFO   ][ln-198]: Test test_post_headers_body_json passed.
2023-10-24 04:14:52,753 [INFO   ][ln-198]: Test test_post_headers_body_json passed.
2023-10-24 04:14:52,757 [INFO   ][ln-198]: Test test_post_headers_body_json passed.
2023-10-24 04:14:52,757 [INFO   ][ln-198]: Test test_post_headers_body_json passed.
2023-10-24 04:14:52,757 [INFO   ][ln-198]: Test test_post_headers_body_json passed.
2023-10-24 04:14:52,757 [INFO   ][ln-198]: Test test_post_headers_body_json passed.
2023-10-24 04:14:52,760 [INFO   ][ln-198]: Test test_post_headers_body_json passed.
2023-10-24 04:14:52,763 [INFO   ][ln-198]: Test test_post_headers_body_json passed.
2023-10-24 04:14:52,766 [INFO   ][ln-198]: Test test_post_headers_body_json passed.
2023-10-24 04:14:52,772 [INFO   ][ln-198]: Test test_post_headers_body_json passed.
2023-10-24 04:14:52,796 [DEBUG  ][ln-130]: To load test data.
2023-10-24 04:14:52,798 [INFO   ][ln-210]: Calling test_mock_service.
2023-10-24 04:14:52,799 [INFO   ][ln-210]: Calling test_mock_service.
2023-10-24 04:14:52,800 [INFO   ][ln-210]: Calling test_mock_service.
2023-10-24 04:14:52,800 [INFO   ][ln-210]: Calling test_mock_service.
2023-10-24 04:14:52,801 [INFO   ][ln-210]: Calling test_mock_service.
2023-10-24 04:14:52,806 [INFO   ][ln-228]: Test test_mock_service passed.
2023-10-24 04:14:52,807 [INFO   ][ln-210]: Calling test_mock_service.
2023-10-24 04:14:52,811 [INFO   ][ln-228]: Test test_mock_service passed.
2023-10-24 04:14:53,820 [INFO   ][ln-228]: Test test_mock_service passed.
2023-10-24 04:14:53,820 [INFO   ][ln-210]: Calling test_mock_service.
2023-10-24 04:14:53,823 [INFO   ][ln-228]: Test test_mock_service passed.
2023-10-24 04:14:53,823 [INFO   ][ln-210]: Calling test_mock_service.
2023-10-24 04:14:53,826 [INFO   ][ln-228]: Test test_mock_service passed.
2023-10-24 04:14:53,826 [INFO   ][ln-210]: Calling test_mock_service.
2023-10-24 04:14:53,830 [INFO   ][ln-228]: Test test_mock_service passed.
2023-10-24 04:14:53,831 [INFO   ][ln-210]: Calling test_mock_service.
2023-10-24 04:14:53,837 [INFO   ][ln-228]: Test test_mock_service passed.
2023-10-24 04:14:54,842 [INFO   ][ln-228]: Test test_mock_service passed.
2023-10-24 04:14:54,844 [INFO   ][ln-228]: Test test_mock_service passed.
2023-10-24 04:14:55,847 [INFO   ][ln-228]: Test test_mock_service passed.
2023-10-24 04:14:55,895 [DEBUG  ][ln-130]: To load test data.
2023-10-24 04:14:55,928 [INFO   ][ln-198]: Test test_post_headers_body_json passed.
2023-10-24 04:14:55,932 [INFO   ][ln-198]: Test test_post_headers_body_json passed.
2023-10-24 04:14:55,935 [INFO   ][ln-198]: Test test_post_headers_body_json passed.
2023-10-24 04:14:55,936 [INFO   ][ln-198]: Test test_post_headers_body_json passed.
2023-10-24 04:14:55,942 [INFO   ][ln-198]: Test test_post_headers_body_json passed.
2023-10-24 04:14:55,946 [INFO   ][ln-198]: Test test_post_headers_body_json passed.
2023-10-24 04:14:55,949 [INFO   ][ln-198]: Test test_post_headers_body_json passed.
2023-10-24 04:14:55,952 [INFO   ][ln-198]: Test test_post_headers_body_json passed.
2023-10-24 04:14:55,954 [INFO   ][ln-198]: Test test_post_headers_body_json passed.
2023-10-24 04:14:56,962 [INFO   ][ln-198]: Test test_post_headers_body_json passed.
2023-10-24 04:14:56,993 [DEBUG  ][ln-130]: To load test data.
2023-10-24 04:14:57,017 [INFO   ][ln-198]: Test test_post_headers_body_json passed.
2023-10-24 04:14:57,017 [INFO   ][ln-198]: Test test_post_headers_body_json passed.
2023-10-24 04:14:57,020 [INFO   ][ln-198]: Test test_post_headers_body_json passed.
2023-10-24 04:14:57,022 [INFO   ][ln-198]: Test test_post_headers_body_json passed.
2023-10-24 04:14:57,027 [INFO   ][ln-198]: Test test_post_headers_body_json passed.
2023-10-24 04:14:57,028 [INFO   ][ln-198]: Test test_post_headers_body_json passed.
2023-10-24 04:14:58,039 [INFO   ][ln-198]: Test test_post_headers_body_json passed.
2023-10-24 04:14:58,041 [INFO   ][ln-198]: Test test_post_headers_body_json passed.
2023-10-24 04:14:59,023 [INFO   ][ln-198]: Test test_post_headers_body_json passed.
2023-10-24 04:14:59,028 [INFO   ][ln-198]: Test test_post_headers_body_json passed.
2023-10-24 04:14:59,069 [DEBUG  ][ln-130]: To load test data.
2023-10-24 04:14:59,075 [INFO   ][ln-198]: Test test_post_headers_body_json passed.
2023-10-24 04:14:59,077 [INFO   ][ln-198]: Test test_post_headers_body_json passed.
2023-10-24 04:14:59,080 [INFO   ][ln-198]: Test test_post_headers_body_json passed.
2023-10-24 04:14:59,081 [INFO   ][ln-198]: Test test_post_headers_body_json passed.
2023-10-24 04:14:59,083 [INFO   ][ln-198]: Test test_post_headers_body_json passed.
2023-10-24 04:14:59,084 [INFO   ][ln-198]: Test test_post_headers_body_json passed.
2023-10-24 04:15:00,088 [INFO   ][ln-198]: Test test_post_headers_body_json passed.
2023-10-24 04:15:00,090 [INFO   ][ln-198]: Test test_post_headers_body_json passed.
2023-10-24 04:15:00,100 [INFO   ][ln-198]: Test test_post_headers_body_json passed.
2023-10-24 04:15:01,104 [INFO   ][ln-198]: Test test_post_headers_body_json passed.
2023-10-24 04:15:01,127 [DEBUG  ][ln-130]: To load test data.
2023-10-24 04:15:01,128 [INFO   ][ln-210]: Calling test_mock_service.
2023-10-24 04:15:01,129 [INFO   ][ln-210]: Calling test_mock_service.
2023-10-24 04:15:01,130 [INFO   ][ln-210]: Calling test_mock_service.
2023-10-24 04:15:01,130 [INFO   ][ln-210]: Calling test_mock_service.
2023-10-24 04:15:01,132 [INFO   ][ln-210]: Calling test_mock_service.
2023-10-24 04:15:01,134 [INFO   ][ln-228]: Test test_mock_service passed.
2023-10-24 04:15:01,135 [INFO   ][ln-228]: Test test_mock_service passed.
2023-10-24 04:15:01,135 [INFO   ][ln-210]: Calling test_mock_service.
2023-10-24 04:15:01,136 [INFO   ][ln-210]: Calling test_mock_service.
2023-10-24 04:15:01,137 [INFO   ][ln-228]: Test test_mock_service passed.
2023-10-24 04:15:01,139 [INFO   ][ln-210]: Calling test_mock_service.
2023-10-24 04:15:01,140 [INFO   ][ln-228]: Test test_mock_service passed.
2023-10-24 04:15:01,141 [INFO   ][ln-210]: Calling test_mock_service.
2023-10-24 04:15:01,142 [INFO   ][ln-228]: Test test_mock_service passed.
2023-10-24 04:15:01,146 [INFO   ][ln-228]: Test test_mock_service passed.
2023-10-24 04:15:02,148 [INFO   ][ln-228]: Test test_mock_service passed.
2023-10-24 04:15:02,148 [INFO   ][ln-210]: Calling test_mock_service.
2023-10-24 04:15:02,152 [INFO   ][ln-228]: Test test_mock_service passed.
2023-10-24 04:15:02,157 [INFO   ][ln-228]: Test test_mock_service passed.
2023-10-24 04:15:02,159 [INFO   ][ln-228]: Test test_mock_service passed.
2023-10-24 04:15:02,185 [DEBUG  ][ln-130]: To load test data.
2023-10-24 04:15:02,186 [INFO   ][ln-210]: Calling test_mock_service.
2023-10-24 04:15:02,190 [INFO   ][ln-210]: Calling test_mock_service.
2023-10-24 04:15:02,190 [INFO   ][ln-210]: Calling test_mock_service.
2023-10-24 04:15:02,193 [INFO   ][ln-210]: Calling test_mock_service.
2023-10-24 04:15:02,194 [INFO   ][ln-210]: Calling test_mock_service.
2023-10-24 04:15:02,199 [INFO   ][ln-228]: Test test_mock_service passed.
2023-10-24 04:15:02,199 [INFO   ][ln-210]: Calling test_mock_service.
2023-10-24 04:15:02,201 [INFO   ][ln-228]: Test test_mock_service passed.
2023-10-24 04:15:02,201 [INFO   ][ln-210]: Calling test_mock_service.
2023-10-24 04:15:02,203 [INFO   ][ln-228]: Test test_mock_service passed.
2023-10-24 04:15:02,205 [INFO   ][ln-228]: Test test_mock_service passed.
2023-10-24 04:15:03,196 [INFO   ][ln-228]: Test test_mock_service passed.
2023-10-24 04:15:03,196 [INFO   ][ln-210]: Calling test_mock_service.
2023-10-24 04:15:03,200 [INFO   ][ln-228]: Test test_mock_service passed.
2023-10-24 04:15:03,201 [INFO   ][ln-228]: Test test_mock_service passed.
2023-10-24 04:15:03,201 [INFO   ][ln-210]: Calling test_mock_service.
2023-10-24 04:15:03,203 [INFO   ][ln-228]: Test test_mock_service passed.
2023-10-24 04:15:03,203 [INFO   ][ln-210]: Calling test_mock_service.
2023-10-24 04:15:03,205 [INFO   ][ln-228]: Test test_mock_service passed.
2023-10-24 04:15:04,217 [INFO   ][ln-228]: Test test_mock_service passed.
2023-10-24 04:15:04,272 [DEBUG  ][ln-130]: To load test data.
2023-10-24 04:15:04,274 [INFO   ][ln-210]: Calling test_mock_service.
2023-10-24 04:15:04,275 [INFO   ][ln-210]: Calling test_mock_service.
2023-10-24 04:15:04,278 [INFO   ][ln-210]: Calling test_mock_service.
2023-10-24 04:15:04,278 [INFO   ][ln-210]: Calling test_mock_service.
2023-10-24 04:15:04,281 [INFO   ][ln-210]: Calling test_mock_service.
2023-10-24 04:15:04,296 [INFO   ][ln-228]: Test test_mock_service passed.
2023-10-24 04:15:04,298 [INFO   ][ln-210]: Calling test_mock_service.
2023-10-24 04:15:04,299 [INFO   ][ln-228]: Test test_mock_service passed.
2023-10-24 04:15:04,300 [INFO   ][ln-210]: Calling test_mock_service.
2023-10-24 04:15:04,312 [INFO   ][ln-228]: Test test_mock_service passed.
2023-10-24 04:15:05,294 [INFO   ][ln-228]: Test test_mock_service passed.
2023-10-24 04:15:05,295 [INFO   ][ln-210]: Calling test_mock_service.
2023-10-24 04:15:05,298 [INFO   ][ln-228]: Test test_mock_service passed.
2023-10-24 04:15:05,299 [INFO   ][ln-210]: Calling test_mock_service.
2023-10-24 04:15:05,313 [INFO   ][ln-228]: Test test_mock_service passed.
2023-10-24 04:15:05,315 [INFO   ][ln-228]: Test test_mock_service passed.
2023-10-24 04:15:05,317 [INFO   ][ln-228]: Test test_mock_service passed.
2023-10-24 04:15:06,304 [INFO   ][ln-228]: Test test_mock_service passed.
2023-10-24 04:15:06,304 [INFO   ][ln-210]: Calling test_mock_service.
2023-10-24 04:15:06,320 [INFO   ][ln-228]: Test test_mock_service passed.
2023-10-24 04:15:06,369 [DEBUG  ][ln-130]: To load test data.
2023-10-24 04:15:06,370 [INFO   ][ln-210]: Calling test_mock_service.
2023-10-24 04:15:06,372 [INFO   ][ln-210]: Calling test_mock_service.
2023-10-24 04:15:06,375 [INFO   ][ln-210]: Calling test_mock_service.
2023-10-24 04:15:06,376 [INFO   ][ln-210]: Calling test_mock_service.
2023-10-24 04:15:06,378 [INFO   ][ln-210]: Calling test_mock_service.
2023-10-24 04:15:06,388 [INFO   ][ln-228]: Test test_mock_service passed.
2023-10-24 04:15:06,389 [INFO   ][ln-210]: Calling test_mock_service.
2023-10-24 04:15:06,392 [INFO   ][ln-228]: Test test_mock_service passed.
2023-10-24 04:15:06,392 [INFO   ][ln-210]: Calling test_mock_service.
2023-10-24 04:15:06,396 [INFO   ][ln-228]: Test test_mock_service passed.
2023-10-24 04:15:06,399 [INFO   ][ln-228]: Test test_mock_service passed.
2023-10-24 04:15:06,409 [INFO   ][ln-228]: Test test_mock_service passed.
2023-10-24 04:15:06,409 [INFO   ][ln-210]: Calling test_mock_service.
2023-10-24 04:15:07,387 [INFO   ][ln-228]: Test test_mock_service passed.
2023-10-24 04:15:07,389 [INFO   ][ln-228]: Test test_mock_service passed.
2023-10-24 04:15:07,389 [INFO   ][ln-210]: Calling test_mock_service.
2023-10-24 04:15:07,390 [INFO   ][ln-210]: Calling test_mock_service.
2023-10-24 04:15:07,396 [INFO   ][ln-228]: Test test_mock_service passed.
2023-10-24 04:15:07,398 [INFO   ][ln-228]: Test test_mock_service passed.
2023-10-24 04:15:07,415 [INFO   ][ln-228]: Test test_mock_service passed.
2023-10-24 04:15:07,445 [DEBUG  ][ln-130]: To load test data.
2023-10-24 04:15:07,453 [INFO   ][ln-198]: Test test_post_headers_body_json passed.
2023-10-24 04:15:07,456 [INFO   ][ln-198]: Test test_post_headers_body_json passed.
2023-10-24 04:15:07,460 [INFO   ][ln-198]: Test test_post_headers_body_json passed.
2023-10-24 04:15:07,462 [INFO   ][ln-198]: Test test_post_headers_body_json passed.
2023-10-24 04:15:07,465 [INFO   ][ln-198]: Test test_post_headers_body_json passed.
2023-10-24 04:15:08,461 [INFO   ][ln-198]: Test test_post_headers_body_json passed.
2023-10-24 04:15:08,465 [INFO   ][ln-198]: Test test_post_headers_body_json passed.
2023-10-24 04:15:08,465 [INFO   ][ln-198]: Test test_post_headers_body_json passed.
2023-10-24 04:15:08,473 [INFO   ][ln-198]: Test test_post_headers_body_json passed.
2023-10-24 04:15:09,475 [INFO   ][ln-198]: Test test_post_headers_body_json passed.
2023-10-24 04:15:09,498 [DEBUG  ][ln-130]: To load test data.
2023-10-24 04:15:09,522 [INFO   ][ln-198]: Test test_post_headers_body_json passed.
2023-10-24 04:15:09,524 [INFO   ][ln-198]: Test test_post_headers_body_json passed.
2023-10-24 04:15:09,528 [INFO   ][ln-198]: Test test_post_headers_body_json passed.
2023-10-24 04:15:09,533 [INFO   ][ln-198]: Test test_post_headers_body_json passed.
2023-10-24 04:15:10,524 [INFO   ][ln-198]: Test test_post_headers_body_json passed.
2023-10-24 04:15:10,531 [INFO   ][ln-198]: Test test_post_headers_body_json passed.
2023-10-24 04:15:10,542 [INFO   ][ln-198]: Test test_post_headers_body_json passed.
2023-10-24 04:15:10,545 [INFO   ][ln-198]: Test test_post_headers_body_json passed.
2023-10-24 04:15:11,543 [INFO   ][ln-198]: Test test_post_headers_body_json passed.
2023-10-24 04:15:11,546 [INFO   ][ln-198]: Test test_post_headers_body_json passed.
2023-10-24 04:15:11,584 [DEBUG  ][ln-130]: To load test data.
2023-10-24 04:15:11,586 [INFO   ][ln-210]: Calling test_mock_service.
2023-10-24 04:15:11,587 [INFO   ][ln-210]: Calling test_mock_service.
2023-10-24 04:15:11,587 [INFO   ][ln-210]: Calling test_mock_service.
2023-10-24 04:15:11,587 [INFO   ][ln-210]: Calling test_mock_service.
2023-10-24 04:15:11,590 [INFO   ][ln-210]: Calling test_mock_service.
2023-10-24 04:15:11,604 [INFO   ][ln-228]: Test test_mock_service passed.
2023-10-24 04:15:11,604 [INFO   ][ln-210]: Calling test_mock_service.
2023-10-24 04:15:11,607 [INFO   ][ln-228]: Test test_mock_service passed.
2023-10-24 04:15:11,607 [INFO   ][ln-210]: Calling test_mock_service.
2023-10-24 04:15:11,609 [INFO   ][ln-228]: Test test_mock_service passed.
2023-10-24 04:15:11,609 [INFO   ][ln-210]: Calling test_mock_service.
2023-10-24 04:15:11,615 [INFO   ][ln-228]: Test test_mock_service passed.
2023-10-24 04:15:12,620 [INFO   ][ln-228]: Test test_mock_service passed.
2023-10-24 04:15:12,621 [INFO   ][ln-210]: Calling test_mock_service.
2023-10-24 04:15:12,626 [INFO   ][ln-228]: Test test_mock_service passed.
2023-10-24 04:15:12,626 [INFO   ][ln-210]: Calling test_mock_service.
2023-10-24 04:15:12,629 [INFO   ][ln-228]: Test test_mock_service passed.
2023-10-24 04:15:13,637 [INFO   ][ln-228]: Test test_mock_service passed.
2023-10-24 04:15:13,645 [INFO   ][ln-228]: Test test_mock_service passed.
2023-10-24 04:15:13,648 [INFO   ][ln-228]: Test test_mock_service passed.
2023-10-24 04:19:52,753 [DEBUG  ][ln-130]: To load test data.
2023-10-24 04:19:52,768 [INFO   ][ln-198]: Test test_post_headers_body_json passed.
2023-10-24 04:19:52,774 [INFO   ][ln-198]: Test test_post_headers_body_json passed.
2023-10-24 04:19:52,775 [INFO   ][ln-198]: Test test_post_headers_body_json passed.
2023-10-24 04:19:52,778 [INFO   ][ln-198]: Test test_post_headers_body_json passed.
2023-10-24 04:19:52,780 [INFO   ][ln-198]: Test test_post_headers_body_json passed.
2023-10-24 04:19:53,767 [INFO   ][ln-198]: Test test_post_headers_body_json passed.
2023-10-24 04:19:53,771 [INFO   ][ln-198]: Test test_post_headers_body_json passed.
2023-10-24 04:19:53,778 [INFO   ][ln-198]: Test test_post_headers_body_json passed.
2023-10-24 04:19:53,785 [INFO   ][ln-198]: Test test_post_headers_body_json passed.
2023-10-24 04:19:54,781 [INFO   ][ln-198]: Test test_post_headers_body_json passed.
2023-10-24 04:19:54,819 [DEBUG  ][ln-130]: To load test data.
2023-10-24 04:19:54,820 [INFO   ][ln-210]: Calling test_mock_service.
2023-10-24 04:19:54,822 [INFO   ][ln-210]: Calling test_mock_service.
2023-10-24 04:19:54,825 [INFO   ][ln-210]: Calling test_mock_service.
2023-10-24 04:19:54,826 [INFO   ][ln-210]: Calling test_mock_service.
2023-10-24 04:19:54,826 [INFO   ][ln-210]: Calling test_mock_service.
2023-10-24 04:19:54,842 [INFO   ][ln-228]: Test test_mock_service passed.
2023-10-24 04:19:54,842 [INFO   ][ln-210]: Calling test_mock_service.
2023-10-24 04:19:54,845 [INFO   ][ln-228]: Test test_mock_service passed.
2023-10-24 04:19:54,845 [INFO   ][ln-210]: Calling test_mock_service.
2023-10-24 04:19:54,851 [INFO   ][ln-228]: Test test_mock_service passed.
2023-10-24 04:19:54,851 [INFO   ][ln-228]: Test test_mock_service passed.
2023-10-24 04:19:55,846 [INFO   ][ln-228]: Test test_mock_service passed.
2023-10-24 04:19:55,847 [INFO   ][ln-210]: Calling test_mock_service.
2023-10-24 04:19:55,851 [INFO   ][ln-228]: Test test_mock_service passed.
2023-10-24 04:19:55,851 [INFO   ][ln-210]: Calling test_mock_service.
2023-10-24 04:19:55,855 [INFO   ][ln-228]: Test test_mock_service passed.
2023-10-24 04:19:55,855 [INFO   ][ln-210]: Calling test_mock_service.
2023-10-24 04:19:56,870 [INFO   ][ln-228]: Test test_mock_service passed.
2023-10-24 04:19:56,874 [INFO   ][ln-228]: Test test_mock_service passed.
2023-10-24 04:19:56,875 [INFO   ][ln-228]: Test test_mock_service passed.
2023-10-24 04:19:56,918 [DEBUG  ][ln-130]: To load test data.
2023-10-24 04:19:56,938 [INFO   ][ln-198]: Test test_post_headers_body_json passed.
2023-10-24 04:19:56,941 [INFO   ][ln-198]: Test test_post_headers_body_json passed.
2023-10-24 04:19:56,944 [INFO   ][ln-198]: Test test_post_headers_body_json passed.
2023-10-24 04:19:56,946 [INFO   ][ln-198]: Test test_post_headers_body_json passed.
2023-10-24 04:19:56,949 [INFO   ][ln-198]: Test test_post_headers_body_json passed.
2023-10-24 04:19:56,952 [INFO   ][ln-198]: Test test_post_headers_body_json passed.
2023-10-24 04:19:56,953 [INFO   ][ln-198]: Test test_post_headers_body_json passed.
2023-10-24 04:19:57,954 [INFO   ][ln-198]: Test test_post_headers_body_json passed.
2023-10-24 04:19:57,961 [INFO   ][ln-198]: Test test_post_headers_body_json passed.
2023-10-24 04:19:57,970 [INFO   ][ln-198]: Test test_post_headers_body_json passed.
2023-10-24 04:19:57,997 [DEBUG  ][ln-130]: To load test data.
2023-10-24 04:19:58,007 [INFO   ][ln-198]: Test test_post_headers_body_json passed.
2023-10-24 04:19:58,007 [INFO   ][ln-198]: Test test_post_headers_body_json passed.
2023-10-24 04:19:58,010 [INFO   ][ln-198]: Test test_post_headers_body_json passed.
2023-10-24 04:19:58,010 [INFO   ][ln-198]: Test test_post_headers_body_json passed.
2023-10-24 04:19:58,013 [INFO   ][ln-198]: Test test_post_headers_body_json passed.
2023-10-24 04:19:58,014 [INFO   ][ln-198]: Test test_post_headers_body_json passed.
2023-10-24 04:19:58,016 [INFO   ][ln-198]: Test test_post_headers_body_json passed.
2023-10-24 04:19:58,016 [INFO   ][ln-198]: Test test_post_headers_body_json passed.
2023-10-24 04:19:59,019 [INFO   ][ln-198]: Test test_post_headers_body_json passed.
2023-10-24 04:19:59,023 [INFO   ][ln-198]: Test test_post_headers_body_json passed.
2023-10-24 04:19:59,044 [DEBUG  ][ln-130]: To load test data.
2023-10-24 04:19:59,054 [INFO   ][ln-198]: Test test_post_headers_body_json passed.
2023-10-24 04:19:59,055 [INFO   ][ln-198]: Test test_post_headers_body_json passed.
2023-10-24 04:19:59,056 [INFO   ][ln-198]: Test test_post_headers_body_json passed.
2023-10-24 04:19:59,062 [INFO   ][ln-198]: Test test_post_headers_body_json passed.
2023-10-24 04:19:59,062 [INFO   ][ln-198]: Test test_post_headers_body_json passed.
2023-10-24 04:19:59,064 [INFO   ][ln-198]: Test test_post_headers_body_json passed.
2023-10-24 04:20:00,060 [INFO   ][ln-198]: Test test_post_headers_body_json passed.
2023-10-24 04:20:01,071 [INFO   ][ln-198]: Test test_post_headers_body_json passed.
2023-10-24 04:20:01,084 [INFO   ][ln-198]: Test test_post_headers_body_json passed.
2023-10-24 04:20:01,086 [INFO   ][ln-198]: Test test_post_headers_body_json passed.
2023-10-24 04:20:01,129 [DEBUG  ][ln-130]: To load test data.
2023-10-24 04:20:01,132 [INFO   ][ln-210]: Calling test_mock_service.
2023-10-24 04:20:01,133 [INFO   ][ln-210]: Calling test_mock_service.
2023-10-24 04:20:01,135 [INFO   ][ln-210]: Calling test_mock_service.
2023-10-24 04:20:01,136 [INFO   ][ln-210]: Calling test_mock_service.
2023-10-24 04:20:01,136 [INFO   ][ln-210]: Calling test_mock_service.
2023-10-24 04:20:01,141 [INFO   ][ln-228]: Test test_mock_service passed.
2023-10-24 04:20:01,141 [INFO   ][ln-210]: Calling test_mock_service.
2023-10-24 04:20:01,143 [INFO   ][ln-228]: Test test_mock_service passed.
2023-10-24 04:20:01,144 [INFO   ][ln-210]: Calling test_mock_service.
2023-10-24 04:20:01,146 [INFO   ][ln-228]: Test test_mock_service passed.
2023-10-24 04:20:01,146 [INFO   ][ln-210]: Calling test_mock_service.
2023-10-24 04:20:01,149 [INFO   ][ln-228]: Test test_mock_service passed.
2023-10-24 04:20:01,149 [INFO   ][ln-228]: Test test_mock_service passed.
2023-10-24 04:20:01,150 [INFO   ][ln-210]: Calling test_mock_service.
2023-10-24 04:20:01,152 [INFO   ][ln-228]: Test test_mock_service passed.
2023-10-24 04:20:01,154 [INFO   ][ln-228]: Test test_mock_service passed.
2023-10-24 04:20:01,154 [INFO   ][ln-210]: Calling test_mock_service.
2023-10-24 04:20:01,157 [INFO   ][ln-228]: Test test_mock_service passed.
2023-10-24 04:20:01,159 [INFO   ][ln-228]: Test test_mock_service passed.
2023-10-24 04:20:01,161 [INFO   ][ln-228]: Test test_mock_service passed.
2023-10-24 04:20:01,184 [DEBUG  ][ln-130]: To load test data.
2023-10-24 04:20:01,184 [INFO   ][ln-210]: Calling test_mock_service.
2023-10-24 04:20:01,186 [INFO   ][ln-210]: Calling test_mock_service.
2023-10-24 04:20:01,187 [INFO   ][ln-210]: Calling test_mock_service.
2023-10-24 04:20:01,188 [INFO   ][ln-210]: Calling test_mock_service.
2023-10-24 04:20:01,189 [INFO   ][ln-210]: Calling test_mock_service.
2023-10-24 04:20:01,191 [INFO   ][ln-228]: Test test_mock_service passed.
2023-10-24 04:20:01,192 [INFO   ][ln-228]: Test test_mock_service passed.
2023-10-24 04:20:01,192 [INFO   ][ln-210]: Calling test_mock_service.
2023-10-24 04:20:01,193 [INFO   ][ln-210]: Calling test_mock_service.
2023-10-24 04:20:01,194 [INFO   ][ln-228]: Test test_mock_service passed.
2023-10-24 04:20:01,194 [INFO   ][ln-210]: Calling test_mock_service.
2023-10-24 04:20:01,196 [INFO   ][ln-228]: Test test_mock_service passed.
2023-10-24 04:20:01,196 [INFO   ][ln-210]: Calling test_mock_service.
2023-10-24 04:20:01,202 [INFO   ][ln-228]: Test test_mock_service passed.
2023-10-24 04:20:01,202 [INFO   ][ln-228]: Test test_mock_service passed.
2023-10-24 04:20:01,202 [INFO   ][ln-228]: Test test_mock_service passed.
2023-10-24 04:20:01,202 [INFO   ][ln-228]: Test test_mock_service passed.
2023-10-24 04:20:01,202 [INFO   ][ln-210]: Calling test_mock_service.
2023-10-24 04:20:01,205 [INFO   ][ln-228]: Test test_mock_service passed.
2023-10-24 04:20:02,200 [INFO   ][ln-228]: Test test_mock_service passed.
2023-10-24 04:20:02,224 [DEBUG  ][ln-130]: To load test data.
2023-10-24 04:20:02,225 [INFO   ][ln-210]: Calling test_mock_service.
2023-10-24 04:20:02,226 [INFO   ][ln-210]: Calling test_mock_service.
2023-10-24 04:20:02,226 [INFO   ][ln-210]: Calling test_mock_service.
2023-10-24 04:20:02,228 [INFO   ][ln-210]: Calling test_mock_service.
2023-10-24 04:20:02,228 [INFO   ][ln-210]: Calling test_mock_service.
2023-10-24 04:20:02,239 [INFO   ][ln-228]: Test test_mock_service passed.
2023-10-24 04:20:02,239 [INFO   ][ln-210]: Calling test_mock_service.
2023-10-24 04:20:02,241 [INFO   ][ln-228]: Test test_mock_service passed.
2023-10-24 04:20:02,242 [INFO   ][ln-210]: Calling test_mock_service.
2023-10-24 04:20:02,247 [INFO   ][ln-228]: Test test_mock_service passed.
2023-10-24 04:20:02,247 [INFO   ][ln-210]: Calling test_mock_service.
2023-10-24 04:20:02,248 [INFO   ][ln-228]: Test test_mock_service passed.
2023-10-24 04:20:02,253 [INFO   ][ln-228]: Test test_mock_service passed.
2023-10-24 04:20:02,259 [INFO   ][ln-228]: Test test_mock_service passed.
2023-10-24 04:20:02,259 [INFO   ][ln-210]: Calling test_mock_service.
2023-10-24 04:20:02,265 [INFO   ][ln-228]: Test test_mock_service passed.
2023-10-24 04:20:03,253 [INFO   ][ln-228]: Test test_mock_service passed.
2023-10-24 04:20:03,254 [INFO   ][ln-210]: Calling test_mock_service.
2023-10-24 04:20:03,257 [INFO   ][ln-228]: Test test_mock_service passed.
2023-10-24 04:20:03,266 [INFO   ][ln-228]: Test test_mock_service passed.
2023-10-24 04:20:03,299 [DEBUG  ][ln-130]: To load test data.
2023-10-24 04:20:03,301 [INFO   ][ln-210]: Calling test_mock_service.
2023-10-24 04:20:03,303 [INFO   ][ln-210]: Calling test_mock_service.
2023-10-24 04:20:03,304 [INFO   ][ln-210]: Calling test_mock_service.
2023-10-24 04:20:03,305 [INFO   ][ln-210]: Calling test_mock_service.
2023-10-24 04:20:03,306 [INFO   ][ln-210]: Calling test_mock_service.
2023-10-24 04:20:03,309 [INFO   ][ln-228]: Test test_mock_service passed.
2023-10-24 04:20:03,309 [INFO   ][ln-210]: Calling test_mock_service.
2023-10-24 04:20:03,313 [INFO   ][ln-228]: Test test_mock_service passed.
2023-10-24 04:20:03,314 [INFO   ][ln-210]: Calling test_mock_service.
2023-10-24 04:20:03,315 [INFO   ][ln-228]: Test test_mock_service passed.
2023-10-24 04:20:03,316 [INFO   ][ln-210]: Calling test_mock_service.
2023-10-24 04:20:03,319 [INFO   ][ln-228]: Test test_mock_service passed.
2023-10-24 04:20:03,319 [INFO   ][ln-210]: Calling test_mock_service.
2023-10-24 04:20:03,322 [INFO   ][ln-228]: Test test_mock_service passed.
2023-10-24 04:20:03,324 [INFO   ][ln-228]: Test test_mock_service passed.
2023-10-24 04:20:03,327 [INFO   ][ln-228]: Test test_mock_service passed.
2023-10-24 04:20:03,330 [INFO   ][ln-228]: Test test_mock_service passed.
2023-10-24 04:20:03,340 [INFO   ][ln-228]: Test test_mock_service passed.
2023-10-24 04:20:03,340 [INFO   ][ln-210]: Calling test_mock_service.
2023-10-24 04:20:03,344 [INFO   ][ln-228]: Test test_mock_service passed.
2023-10-24 04:20:03,368 [DEBUG  ][ln-130]: To load test data.
2023-10-24 04:20:03,378 [INFO   ][ln-198]: Test test_post_headers_body_json passed.
2023-10-24 04:20:03,380 [INFO   ][ln-198]: Test test_post_headers_body_json passed.
2023-10-24 04:20:03,382 [INFO   ][ln-198]: Test test_post_headers_body_json passed.
2023-10-24 04:20:03,389 [INFO   ][ln-198]: Test test_post_headers_body_json passed.
2023-10-24 04:20:03,403 [INFO   ][ln-198]: Test test_post_headers_body_json passed.
2023-10-24 04:20:04,378 [INFO   ][ln-198]: Test test_post_headers_body_json passed.
2023-10-24 04:20:04,380 [INFO   ][ln-198]: Test test_post_headers_body_json passed.
2023-10-24 04:20:04,383 [INFO   ][ln-198]: Test test_post_headers_body_json passed.
2023-10-24 04:20:04,385 [INFO   ][ln-198]: Test test_post_headers_body_json passed.
2023-10-24 04:20:05,393 [INFO   ][ln-198]: Test test_post_headers_body_json passed.
2023-10-24 04:20:05,458 [DEBUG  ][ln-130]: To load test data.
2023-10-24 04:20:05,473 [INFO   ][ln-198]: Test test_post_headers_body_json passed.
2023-10-24 04:20:05,475 [INFO   ][ln-198]: Test test_post_headers_body_json passed.
2023-10-24 04:20:05,477 [INFO   ][ln-198]: Test test_post_headers_body_json passed.
2023-10-24 04:20:05,478 [INFO   ][ln-198]: Test test_post_headers_body_json passed.
2023-10-24 04:20:05,480 [INFO   ][ln-198]: Test test_post_headers_body_json passed.
2023-10-24 04:20:05,483 [INFO   ][ln-198]: Test test_post_headers_body_json passed.
2023-10-24 04:20:06,473 [INFO   ][ln-198]: Test test_post_headers_body_json passed.
2023-10-24 04:20:06,485 [INFO   ][ln-198]: Test test_post_headers_body_json passed.
2023-10-24 04:20:06,486 [INFO   ][ln-198]: Test test_post_headers_body_json passed.
2023-10-24 04:20:07,481 [INFO   ][ln-198]: Test test_post_headers_body_json passed.
2023-10-24 04:20:07,499 [DEBUG  ][ln-130]: To load test data.
2023-10-24 04:20:07,500 [INFO   ][ln-210]: Calling test_mock_service.
2023-10-24 04:20:07,502 [INFO   ][ln-210]: Calling test_mock_service.
2023-10-24 04:20:07,503 [INFO   ][ln-210]: Calling test_mock_service.
2023-10-24 04:20:07,503 [INFO   ][ln-210]: Calling test_mock_service.
2023-10-24 04:20:07,504 [INFO   ][ln-210]: Calling test_mock_service.
2023-10-24 04:20:07,510 [INFO   ][ln-228]: Test test_mock_service passed.
2023-10-24 04:20:07,510 [INFO   ][ln-210]: Calling test_mock_service.
2023-10-24 04:20:07,511 [INFO   ][ln-228]: Test test_mock_service passed.
2023-10-24 04:20:07,511 [INFO   ][ln-210]: Calling test_mock_service.
2023-10-24 04:20:07,513 [INFO   ][ln-228]: Test test_mock_service passed.
2023-10-24 04:20:07,513 [INFO   ][ln-210]: Calling test_mock_service.
2023-10-24 04:20:08,527 [INFO   ][ln-228]: Test test_mock_service passed.
2023-10-24 04:20:08,528 [INFO   ][ln-210]: Calling test_mock_service.
2023-10-24 04:20:08,531 [INFO   ][ln-228]: Test test_mock_service passed.
2023-10-24 04:20:08,532 [INFO   ][ln-210]: Calling test_mock_service.
2023-10-24 04:20:08,535 [INFO   ][ln-228]: Test test_mock_service passed.
2023-10-24 04:20:08,538 [INFO   ][ln-228]: Test test_mock_service passed.
2023-10-24 04:20:08,543 [INFO   ][ln-228]: Test test_mock_service passed.
2023-10-24 04:20:08,547 [INFO   ][ln-228]: Test test_mock_service passed.
2023-10-24 04:20:09,550 [INFO   ][ln-228]: Test test_mock_service passed.
